{
    "meta": {
        "version": "6.4.2",
        "timestamp": "2022-08-04T20:24:06.401053",
        "branch_coverage": false,
        "show_contexts": false
    },
    "files": {
        "cpp_linter\\__init__.py": {
            "executed_lines": [
                1,
                3,
                4,
                5,
                6,
                7,
                9,
                14,
                15,
                16,
                18,
                20,
                29,
                30,
                34,
                35,
                36,
                37,
                40,
                41,
                44,
                45,
                47,
                48,
                49,
                50,
                51,
                52,
                53,
                54,
                55,
                56,
                59,
                60,
                64,
                65,
                67,
                68,
                70,
                71,
                75,
                88,
                90,
                91,
                94,
                110,
                111,
                114,
                115,
                118,
                124,
                125,
                130,
                131
            ],
            "summary": {
                "covered_lines": 49,
                "num_statements": 49,
                "percent_covered": 100.0,
                "percent_covered_display": "100",
                "missing_lines": 0,
                "excluded_lines": 8
            },
            "missing_lines": [],
            "excluded_lines": [
                9,
                10,
                11,
                12,
                25,
                26,
                30,
                31
            ]
        },
        "cpp_linter\\clang_format_xml.py": {
            "executed_lines": [
                1,
                2,
                3,
                4,
                5,
                8,
                9,
                17,
                24,
                25,
                26,
                28,
                35,
                36,
                45,
                50,
                51,
                53,
                60,
                61,
                71,
                77,
                78,
                80,
                86,
                100,
                102,
                104,
                105,
                107,
                108,
                109,
                110,
                111,
                112,
                113,
                114,
                125,
                133,
                134,
                135,
                136,
                137,
                138,
                139,
                140,
                141,
                142,
                145,
                146,
                147,
                148,
                149,
                150
            ],
            "summary": {
                "covered_lines": 47,
                "num_statements": 47,
                "percent_covered": 100.0,
                "percent_covered_display": "100",
                "missing_lines": 0,
                "excluded_lines": 6
            },
            "missing_lines": [],
            "excluded_lines": [
                28,
                29,
                53,
                54,
                80,
                81
            ]
        },
        "cpp_linter\\clang_tidy.py": {
            "executed_lines": [
                1,
                2,
                3,
                4,
                5,
                7,
                10,
                11,
                25,
                36,
                45,
                46,
                47,
                48,
                49,
                50,
                52,
                53,
                54,
                55,
                59,
                72,
                83,
                84,
                97,
                99,
                100,
                101,
                102,
                103,
                104,
                110,
                111,
                114
            ],
            "summary": {
                "covered_lines": 27,
                "num_statements": 27,
                "percent_covered": 100.0,
                "percent_covered_display": "100",
                "missing_lines": 0,
                "excluded_lines": 5
            },
            "missing_lines": [],
            "excluded_lines": [
                52,
                53,
                54,
                55,
                59
            ]
        },
        "cpp_linter\\clang_tidy_yml.py": {
            "executed_lines": [
                1,
                2,
                3,
                4,
                5,
                8,
                13,
                14,
                28,
                33,
                34,
                35,
                36,
                37,
                38,
                40,
                48,
                49,
                58,
                65,
                66,
                67,
                68,
                70,
                77,
                78,
                86,
                91,
                92,
                94,
                101,
                105,
                106,
                107,
                108,
                109,
                110,
                111,
                112,
                115,
                116,
                119,
                120,
                121,
                126,
                127,
                129
            ],
            "summary": {
                "covered_lines": 40,
                "num_statements": 42,
                "percent_covered": 95.23809523809524,
                "percent_covered_display": "95",
                "missing_lines": 2,
                "excluded_lines": 7
            },
            "missing_lines": [
                122,
                125
            ],
            "excluded_lines": [
                40,
                41,
                42,
                70,
                71,
                94,
                95
            ]
        },
        "cpp_linter\\run.py": {
            "executed_lines": [
                1,
                13,
                14,
                15,
                16,
                17,
                18,
                19,
                20,
                21,
                32,
                33,
                34,
                35,
                39,
                40,
                41,
                42,
                43,
                44,
                45,
                46,
                49,
                52,
                59,
                72,
                79,
                87,
                95,
                103,
                110,
                119,
                128,
                136,
                144,
                154,
                164,
                165,
                166,
                170,
                171,
                172,
                173,
                174,
                177,
                183,
                186,
                188,
                191,
                204,
                205,
                206,
                207,
                215,
                216,
                219,
                222,
                223,
                224,
                227,
                228,
                232,
                233,
                234,
                237,
                240,
                241,
                242,
                243,
                244,
                245,
                246,
                247,
                248,
                249,
                252,
                271,
                272,
                277,
                285,
                288,
                290,
                291,
                292,
                293,
                294,
                295,
                296,
                297,
                298,
                299,
                300,
                301,
                302,
                306,
                308,
                309,
                313,
                316,
                317,
                318,
                320,
                322,
                323,
                324,
                327,
                335,
                340,
                341,
                342,
                343,
                344,
                346,
                347,
                348,
                351,
                366,
                368,
                369,
                370,
                371,
                372,
                373,
                374,
                376,
                377,
                378,
                379,
                380,
                381,
                382,
                383,
                384,
                385,
                388,
                392,
                393,
                400,
                401,
                402,
                405,
                425,
                427,
                428,
                429,
                430,
                434,
                435,
                436,
                441,
                442,
                443,
                444,
                445,
                446,
                449,
                450,
                451,
                452,
                453,
                454,
                455,
                456,
                457,
                458,
                459,
                460,
                461,
                462,
                463,
                464,
                465,
                466,
                471,
                489,
                490,
                491,
                492,
                497,
                498,
                499,
                504,
                505,
                506,
                507,
                508,
                509,
                510,
                511,
                512,
                513,
                519,
                536,
                537,
                538,
                539,
                540,
                541,
                542,
                543,
                544,
                545,
                546,
                547,
                548,
                549,
                550,
                552,
                553,
                554,
                555,
                556,
                557,
                561,
                562,
                563,
                564,
                565,
                566,
                567,
                568,
                571,
                592,
                593,
                598,
                599,
                601,
                602,
                605,
                606,
                608,
                610,
                611,
                612,
                614,
                615,
                616,
                617,
                620,
                647,
                724,
                751,
                774,
                784,
                785,
                790,
                791,
                792,
                793,
                794,
                795,
                796,
                797,
                798,
                799,
                800,
                801,
                802,
                803,
                804,
                805,
                806,
                808,
                809,
                810,
                811,
                812,
                815,
                827,
                829,
                830,
                831,
                832,
                833,
                834,
                835,
                837,
                840,
                841,
                842,
                843,
                844,
                845,
                846,
                847,
                848,
                850,
                851,
                855,
                856,
                860,
                863,
                929
            ],
            "summary": {
                "covered_lines": 290,
                "num_statements": 363,
                "percent_covered": 79.88980716253444,
                "percent_covered_display": "80",
                "missing_lines": 73,
                "excluded_lines": 35
            },
            "missing_lines": [
                225,
                314,
                437,
                438,
                439,
                440,
                500,
                501,
                502,
                503,
                514,
                600,
                631,
                632,
                634,
                635,
                636,
                637,
                640,
                643,
                644,
                658,
                659,
                660,
                668,
                669,
                670,
                672,
                673,
                674,
                677,
                679,
                680,
                681,
                682,
                687,
                688,
                689,
                691,
                692,
                693,
                694,
                697,
                698,
                699,
                704,
                710,
                712,
                715,
                720,
                721,
                735,
                736,
                737,
                738,
                739,
                740,
                743,
                746,
                747,
                748,
                759,
                760,
                761,
                763,
                764,
                765,
                766,
                767,
                768,
                769,
                770,
                771
            ],
            "excluded_lines": [
                863,
                864,
                867,
                870,
                873,
                875,
                878,
                881,
                882,
                883,
                884,
                885,
                886,
                888,
                889,
                890,
                891,
                896,
                897,
                898,
                899,
                900,
                901,
                902,
                904,
                913,
                914,
                915,
                916,
                919,
                920,
                921,
                926,
                929,
                930
            ]
        },
        "cpp_linter\\thread_comments.py": {
            "executed_lines": [
                1,
                2,
                3,
                4,
                5,
                6,
                7,
                18,
                60,
                63,
                64,
                65,
                66,
                67,
                68,
                69,
                72,
                73,
                76,
                78,
                81,
                82,
                83,
                84,
                85,
                86,
                87,
                88,
                92,
                99,
                100,
                102,
                103,
                104,
                106,
                115,
                118,
                121,
                122,
                123,
                126,
                128,
                131,
                132,
                134,
                135,
                136,
                139,
                140,
                142,
                146,
                153,
                155,
                156,
                160,
                169,
                172,
                177,
                179,
                180,
                181,
                185,
                186,
                187,
                189,
                190,
                191,
                194,
                201,
                207,
                244
            ],
            "summary": {
                "covered_lines": 70,
                "num_statements": 111,
                "percent_covered": 63.06306306306306,
                "percent_covered_display": "63",
                "missing_lines": 41,
                "excluded_lines": 0
            },
            "missing_lines": [
                26,
                27,
                28,
                29,
                30,
                31,
                34,
                40,
                44,
                49,
                50,
                56,
                57,
                89,
                90,
                91,
                93,
                94,
                147,
                148,
                151,
                216,
                217,
                218,
                219,
                220,
                231,
                235,
                236,
                237,
                238,
                239,
                240,
                241,
                254,
                255,
                256,
                259,
                260,
                262,
                263
            ],
            "excluded_lines": []
        }
    },
    "totals": {
        "covered_lines": 523,
        "num_statements": 639,
        "percent_covered": 81.84663536776213,
        "percent_covered_display": "82",
        "missing_lines": 116,
        "excluded_lines": 61
    }
}